[0.075s] Invoking command in '/root/GHitzeed/build/GwGosling': /usr/bin/cmake /root/GHitzeed/src/GwGosling -DCMAKE_INSTALL_PREFIX=/root/GHitzeed/install/GwGosling
[0.750s] -- The C compiler identification is GNU 11.4.0
[1.882s] -- The CXX compiler identification is GNU 11.4.0
[2.603s] -- Detecting C compiler ABI info
[2.982s] -- Detecting C compiler ABI info - done
[2.993s] -- Check for working C compiler: /usr/bin/cc - skipped
[2.994s] -- Detecting C compile features
[2.996s] -- Detecting C compile features - done
[3.003s] -- Detecting CXX compiler ABI info
[3.343s] -- Detecting CXX compiler ABI info - done
[3.356s] -- Check for working CXX compiler: /usr/bin/c++ - skipped
[3.356s] -- Detecting CXX compile features
[3.357s] -- Detecting CXX compile features - done
[3.405s] -- Found ament_cmake: 1.3.13 (/opt/ros/humble/share/ament_cmake/cmake)
[3.706s] -- Found Python3: /usr/bin/python3 (found version "3.10.12") found components: Interpreter 
[3.918s] -- Found rclcpp: 16.0.18 (/opt/ros/humble/share/rclcpp/cmake)
[4.307s] -- Found rosidl_generator_c: 3.1.8 (/opt/ros/humble/share/rosidl_generator_c/cmake)
[4.322s] -- Found rosidl_adapter: 3.1.8 (/opt/ros/humble/share/rosidl_adapter/cmake)
[4.346s] -- Found rosidl_generator_cpp: 3.1.8 (/opt/ros/humble/share/rosidl_generator_cpp/cmake)
[4.386s] -- Using all available rosidl_typesupport_c: rosidl_typesupport_fastrtps_c;rosidl_typesupport_introspection_c
[4.424s] -- Using all available rosidl_typesupport_cpp: rosidl_typesupport_fastrtps_cpp;rosidl_typesupport_introspection_cpp
[4.636s] -- Found rmw_implementation_cmake: 6.1.2 (/opt/ros/humble/share/rmw_implementation_cmake/cmake)
[4.643s] -- Found rmw_fastrtps_cpp: 6.2.10 (/opt/ros/humble/share/rmw_fastrtps_cpp/cmake)
[7.300s] -- Found OpenSSL: /usr/lib/x86_64-linux-gnu/libcrypto.so (found version "3.0.2")  
[9.922s] -- Found FastRTPS: /opt/ros/humble/include  
[14.893s] -- Using RMW implementation 'rmw_fastrtps_cpp' as default
[14.917s] -- Looking for pthread.h
[15.235s] -- Looking for pthread.h - found
[15.236s] -- Performing Test CMAKE_HAVE_LIBC_PTHREAD
[15.532s] -- Performing Test CMAKE_HAVE_LIBC_PTHREAD - Success
[15.534s] -- Found Threads: TRUE  
[15.655s] [0mCMake Error: File /root/GHitzeed/src/GwGosling/package.xml does not exist.[0m
[15.655s] [31mCMake Error at /opt/ros/humble/share/ament_cmake_core/cmake/core/stamp.cmake:24 (configure_file):
[15.655s]   configure_file Problem configuring file
[15.656s] Call Stack (most recent call first):
[15.656s]   /opt/ros/humble/share/ament_cmake_core/cmake/core/ament_package_xml.cmake:73 (stamp)
[15.656s]   /opt/ros/humble/share/ament_cmake_core/cmake/core/ament_package_xml.cmake:49 (_ament_package_xml)
[15.656s]   /opt/ros/humble/share/ament_cmake_core/cmake/core/ament_package.cmake:63 (ament_package_xml)
[15.656s]   CMakeLists.txt:36 (ament_package)
[15.656s] 
[15.656s] [0m
[15.667s] -- Configuring incomplete, errors occurred!
[15.668s] See also "/root/GHitzeed/build/GwGosling/CMakeFiles/CMakeOutput.log".
[15.684s] Invoked command in '/root/GHitzeed/build/GwGosling' returned '1': /usr/bin/cmake /root/GHitzeed/src/GwGosling -DCMAKE_INSTALL_PREFIX=/root/GHitzeed/install/GwGosling
