-- Found ament_cmake: 1.3.13 (/opt/ros/humble/share/ament_cmake/cmake)
-- Found rclcpp: 16.0.18 (/opt/ros/humble/share/rclcpp/cmake)
-- Found rosidl_generator_c: 3.1.8 (/opt/ros/humble/share/rosidl_generator_c/cmake)
-- Found rosidl_adapter: 3.1.8 (/opt/ros/humble/share/rosidl_adapter/cmake)
-- Found rosidl_generator_cpp: 3.1.8 (/opt/ros/humble/share/rosidl_generator_cpp/cmake)
-- Using all available rosidl_typesupport_c: rosidl_typesupport_fastrtps_c;rosidl_typesupport_introspection_c
-- Using all available rosidl_typesupport_cpp: rosidl_typesupport_fastrtps_cpp;rosidl_typesupport_introspection_cpp
-- Found rmw_implementation_cmake: 6.1.2 (/opt/ros/humble/share/rmw_implementation_cmake/cmake)
-- Found rmw_fastrtps_cpp: 6.2.10 (/opt/ros/humble/share/rmw_fastrtps_cpp/cmake)
-- Using RMW implementation 'rmw_fastrtps_cpp' as default
-- Configuring done
-- Generating done
-- Build files have been written to: /root/GHitzeed/build/GwGosling
[35m[1mConsolidate compiler generated dependencies of target subscriber_node[0m
[35m[1mConsolidate compiler generated dependencies of target publisher_node[0m
[ 50%] [32mBuilding CXX object CMakeFiles/subscriber_node.dir/src/subscriber_node.cpp.o[0m
[ 75%] Built target publisher_node
[100%] [32m[1mLinking CXX executable subscriber_node[0m
[100%] Built target subscriber_node
-- Install configuration: ""
-- Up-to-date: /root/GHitzeed/install/GwGosling/lib/GwGosling/publisher_node
-- Installing: /root/GHitzeed/install/GwGosling/lib/GwGosling/subscriber_node
-- Set runtime path of "/root/GHitzeed/install/GwGosling/lib/GwGosling/subscriber_node" to ""
-- Installing: /root/GHitzeed/install/GwGosling/share/GwGosling/launch
-- Installing: /root/GHitzeed/install/GwGosling/share/GwGosling/launch/launch.py
-- Installing: /root/GHitzeed/install/GwGosling/share/ament_index/resource_index/package_run_dependencies/GwGosling
-- Installing: /root/GHitzeed/install/GwGosling/share/ament_index/resource_index/parent_prefix_path/GwGosling
-- Installing: /root/GHitzeed/install/GwGosling/share/GwGosling/environment/ament_prefix_path.sh
-- Installing: /root/GHitzeed/install/GwGosling/share/GwGosling/environment/ament_prefix_path.dsv
-- Installing: /root/GHitzeed/install/GwGosling/share/GwGosling/environment/path.sh
-- Installing: /root/GHitzeed/install/GwGosling/share/GwGosling/environment/path.dsv
-- Installing: /root/GHitzeed/install/GwGosling/share/GwGosling/local_setup.bash
-- Installing: /root/GHitzeed/install/GwGosling/share/GwGosling/local_setup.sh
-- Installing: /root/GHitzeed/install/GwGosling/share/GwGosling/local_setup.zsh
-- Installing: /root/GHitzeed/install/GwGosling/share/GwGosling/local_setup.dsv
-- Installing: /root/GHitzeed/install/GwGosling/share/GwGosling/package.dsv
-- Installing: /root/GHitzeed/install/GwGosling/share/ament_index/resource_index/packages/GwGosling
-- Installing: /root/GHitzeed/install/GwGosling/share/GwGosling/cmake/GwGoslingConfig.cmake
-- Installing: /root/GHitzeed/install/GwGosling/share/GwGosling/cmake/GwGoslingConfig-version.cmake
-- Installing: /root/GHitzeed/install/GwGosling/share/GwGosling/package.xml
