[0.037s] Invoking command in '/root/GHitzeed/build/GwGosling': CMAKE_PREFIX_PATH=/opt/ros/humble /usr/bin/cmake --build /root/GHitzeed/build/GwGosling -- -j16 -l16
[0.175s] -- Found ament_cmake: 1.3.13 (/opt/ros/humble/share/ament_cmake/cmake)
[0.460s] -- Found rclcpp: 16.0.18 (/opt/ros/humble/share/rclcpp/cmake)
[0.786s] -- Found rosidl_generator_c: 3.1.8 (/opt/ros/humble/share/rosidl_generator_c/cmake)
[0.793s] -- Found rosidl_adapter: 3.1.8 (/opt/ros/humble/share/rosidl_adapter/cmake)
[0.810s] -- Found rosidl_generator_cpp: 3.1.8 (/opt/ros/humble/share/rosidl_generator_cpp/cmake)
[0.837s] -- Using all available rosidl_typesupport_c: rosidl_typesupport_fastrtps_c;rosidl_typesupport_introspection_c
[0.876s] -- Using all available rosidl_typesupport_cpp: rosidl_typesupport_fastrtps_cpp;rosidl_typesupport_introspection_cpp
[0.969s] -- Found rmw_implementation_cmake: 6.1.2 (/opt/ros/humble/share/rmw_implementation_cmake/cmake)
[0.974s] -- Found rmw_fastrtps_cpp: 6.2.10 (/opt/ros/humble/share/rmw_fastrtps_cpp/cmake)
[10.579s] -- Using RMW implementation 'rmw_fastrtps_cpp' as default
[10.798s] WARNING: Package name "GwGosling" does not follow the naming conventions. It should start with a lower case letter and only contain lower case letters, digits, underscores, and dashes.
[10.824s] -- Configuring done
[10.857s] -- Generating done
[10.866s] -- Build files have been written to: /root/GHitzeed/build/GwGosling
[10.929s] [35m[1mConsolidate compiler generated dependencies of target subscriber_node[0m
[10.929s] [35m[1mConsolidate compiler generated dependencies of target publisher_node[0m
[10.964s] [ 50%] [32mBuilding CXX object CMakeFiles/subscriber_node.dir/src/subscriber_node.cpp.o[0m
[10.964s] [ 75%] Built target publisher_node
[24.843s] [100%] [32m[1mLinking CXX executable subscriber_node[0m
[25.593s] [100%] Built target subscriber_node
[25.618s] Invoked command in '/root/GHitzeed/build/GwGosling' returned '0': CMAKE_PREFIX_PATH=/opt/ros/humble /usr/bin/cmake --build /root/GHitzeed/build/GwGosling -- -j16 -l16
[25.641s] Invoking command in '/root/GHitzeed/build/GwGosling': CMAKE_PREFIX_PATH=/opt/ros/humble /usr/bin/cmake --install /root/GHitzeed/build/GwGosling
[25.654s] -- Install configuration: ""
[25.656s] -- Up-to-date: /root/GHitzeed/install/GwGosling/lib/GwGosling/publisher_node
[25.658s] -- Installing: /root/GHitzeed/install/GwGosling/lib/GwGosling/subscriber_node
[25.666s] -- Set runtime path of "/root/GHitzeed/install/GwGosling/lib/GwGosling/subscriber_node" to ""
[25.666s] -- Installing: /root/GHitzeed/install/GwGosling/share/GwGosling/launch
[25.667s] -- Installing: /root/GHitzeed/install/GwGosling/share/GwGosling/launch/launch.py
[25.670s] -- Installing: /root/GHitzeed/install/GwGosling/share/ament_index/resource_index/package_run_dependencies/GwGosling
[25.672s] -- Installing: /root/GHitzeed/install/GwGosling/share/ament_index/resource_index/parent_prefix_path/GwGosling
[25.673s] -- Installing: /root/GHitzeed/install/GwGosling/share/GwGosling/environment/ament_prefix_path.sh
[25.674s] -- Installing: /root/GHitzeed/install/GwGosling/share/GwGosling/environment/ament_prefix_path.dsv
[25.674s] -- Installing: /root/GHitzeed/install/GwGosling/share/GwGosling/environment/path.sh
[25.675s] -- Installing: /root/GHitzeed/install/GwGosling/share/GwGosling/environment/path.dsv
[25.676s] -- Installing: /root/GHitzeed/install/GwGosling/share/GwGosling/local_setup.bash
[25.676s] -- Installing: /root/GHitzeed/install/GwGosling/share/GwGosling/local_setup.sh
[25.677s] -- Installing: /root/GHitzeed/install/GwGosling/share/GwGosling/local_setup.zsh
[25.677s] -- Installing: /root/GHitzeed/install/GwGosling/share/GwGosling/local_setup.dsv
[25.678s] -- Installing: /root/GHitzeed/install/GwGosling/share/GwGosling/package.dsv
[25.679s] -- Installing: /root/GHitzeed/install/GwGosling/share/ament_index/resource_index/packages/GwGosling
[25.680s] -- Installing: /root/GHitzeed/install/GwGosling/share/GwGosling/cmake/GwGoslingConfig.cmake
[25.681s] -- Installing: /root/GHitzeed/install/GwGosling/share/GwGosling/cmake/GwGoslingConfig-version.cmake
[25.681s] -- Installing: /root/GHitzeed/install/GwGosling/share/GwGosling/package.xml
[25.688s] Invoked command in '/root/GHitzeed/build/GwGosling' returned '0': CMAKE_PREFIX_PATH=/opt/ros/humble /usr/bin/cmake --install /root/GHitzeed/build/GwGosling
