[0.022s] Invoking command in '/root/GHitzeed/build/GwGosling': /usr/bin/cmake /root/GHitzeed/src/GwGosling -DCMAKE_INSTALL_PREFIX=/root/GHitzeed/install/GwGosling
[0.045s] -- Found ament_cmake: 1.3.13 (/opt/ros/humble/share/ament_cmake/cmake)
[0.260s] -- Found rclcpp: 16.0.18 (/opt/ros/humble/share/rclcpp/cmake)
[0.513s] -- Found rosidl_generator_c: 3.1.8 (/opt/ros/humble/share/rosidl_generator_c/cmake)
[0.520s] -- Found rosidl_adapter: 3.1.8 (/opt/ros/humble/share/rosidl_adapter/cmake)
[0.534s] -- Found rosidl_generator_cpp: 3.1.8 (/opt/ros/humble/share/rosidl_generator_cpp/cmake)
[0.550s] -- Using all available rosidl_typesupport_c: rosidl_typesupport_fastrtps_c;rosidl_typesupport_introspection_c
[0.572s] -- Using all available rosidl_typesupport_cpp: rosidl_typesupport_fastrtps_cpp;rosidl_typesupport_introspection_cpp
[0.694s] -- Found rmw_implementation_cmake: 6.1.2 (/opt/ros/humble/share/rmw_implementation_cmake/cmake)
[0.696s] -- Found rmw_fastrtps_cpp: 6.2.10 (/opt/ros/humble/share/rmw_fastrtps_cpp/cmake)
[10.312s] -- Using RMW implementation 'rmw_fastrtps_cpp' as default
[10.391s] [0mCMake Error: File /root/GHitzeed/src/GwGosling/package.xml does not exist.[0m
[10.391s] [31mCMake Error at /opt/ros/humble/share/ament_cmake_core/cmake/core/stamp.cmake:24 (configure_file):
[10.392s]   configure_file Problem configuring file
[10.392s] Call Stack (most recent call first):
[10.392s]   /opt/ros/humble/share/ament_cmake_core/cmake/core/ament_package_xml.cmake:73 (stamp)
[10.392s]   /opt/ros/humble/share/ament_cmake_core/cmake/core/ament_package_xml.cmake:49 (_ament_package_xml)
[10.392s]   /opt/ros/humble/share/ament_cmake_core/cmake/core/ament_package.cmake:63 (ament_package_xml)
[10.393s]   CMakeLists.txt:36 (ament_package)
[10.393s] 
[10.393s] [0m
[10.397s] -- Configuring incomplete, errors occurred!
[10.397s] See also "/root/GHitzeed/build/GwGosling/CMakeFiles/CMakeOutput.log".
[10.416s] Invoked command in '/root/GHitzeed/build/GwGosling' returned '1': /usr/bin/cmake /root/GHitzeed/src/GwGosling -DCMAKE_INSTALL_PREFIX=/root/GHitzeed/install/GwGosling
