[0.498s] DEBUG:colcon:Command line arguments: ['/usr/bin/colcon', 'build', '--packages-select', 'GwGosling']
[0.498s] DEBUG:colcon:Parsed command line arguments: Namespace(log_base=None, log_level=None, verb_name='build', build_base='build', install_base='install', merge_install=False, symlink_install=False, test_result_base=None, continue_on_error=False, executor='parallel', parallel_workers=16, event_handlers=None, ignore_user_meta=False, metas=['./colcon.meta'], base_paths=['.'], packages_ignore=None, packages_ignore_regex=None, paths=None, packages_up_to=None, packages_up_to_regex=None, packages_above=None, packages_above_and_dependencies=None, packages_above_depth=None, packages_select_by_dep=None, packages_skip_by_dep=None, packages_skip_up_to=None, packages_select_build_failed=False, packages_skip_build_finished=False, packages_select_test_failures=False, packages_skip_test_passed=False, packages_select=['GwGosling'], packages_skip=None, packages_select_regex=None, packages_skip_regex=None, packages_start=None, packages_end=None, allow_overriding=[], cmake_args=None, cmake_target=None, cmake_target_skip_unavailable=False, cmake_clean_cache=False, cmake_clean_first=False, cmake_force_configure=False, ament_cmake_args=None, catkin_cmake_args=None, catkin_skip_building_tests=False, verb_parser=<colcon_defaults.argument_parser.defaults.DefaultArgumentsDecorator object at 0x7dc48e50b6a0>, verb_extension=<colcon_core.verb.build.BuildVerb object at 0x7dc48e678a30>, main=<bound method BuildVerb.main of <colcon_core.verb.build.BuildVerb object at 0x7dc48e678a30>>)
[1.046s] Level 1:colcon.colcon_core.package_discovery:discover_packages(colcon_meta) check parameters
[1.046s] Level 1:colcon.colcon_core.package_discovery:discover_packages(recursive) check parameters
[1.046s] Level 1:colcon.colcon_core.package_discovery:discover_packages(ignore) check parameters
[1.046s] Level 1:colcon.colcon_core.package_discovery:discover_packages(path) check parameters
[1.046s] Level 1:colcon.colcon_core.package_discovery:discover_packages(colcon_meta) discover
[1.046s] Level 1:colcon.colcon_core.package_discovery:discover_packages(recursive) discover
[1.046s] INFO:colcon.colcon_core.package_discovery:Crawling recursively for packages in '/root/GHitzeed'
[1.047s] Level 1:colcon.colcon_core.package_identification:_identify(.) by extensions ['ignore', 'ignore_ament_install']
[1.047s] Level 1:colcon.colcon_core.package_identification:_identify(.) by extension 'ignore'
[1.047s] Level 1:colcon.colcon_core.package_identification:_identify(.) by extension 'ignore_ament_install'
[1.047s] Level 1:colcon.colcon_core.package_identification:_identify(.) by extensions ['colcon_pkg']
[1.047s] Level 1:colcon.colcon_core.package_identification:_identify(.) by extension 'colcon_pkg'
[1.047s] Level 1:colcon.colcon_core.package_identification:_identify(.) by extensions ['colcon_meta']
[1.047s] Level 1:colcon.colcon_core.package_identification:_identify(.) by extension 'colcon_meta'
[1.047s] Level 1:colcon.colcon_core.package_identification:_identify(.) by extensions ['ros']
[1.047s] Level 1:colcon.colcon_core.package_identification:_identify(.) by extension 'ros'
[1.070s] Level 1:colcon.colcon_core.package_identification:_identify(.) by extensions ['cmake', 'python']
[1.070s] Level 1:colcon.colcon_core.package_identification:_identify(.) by extension 'cmake'
[1.070s] Level 1:colcon.colcon_core.package_identification:_identify(.) by extension 'python'
[1.070s] Level 1:colcon.colcon_core.package_identification:_identify(.) by extensions ['python_setup_py']
[1.070s] Level 1:colcon.colcon_core.package_identification:_identify(.) by extension 'python_setup_py'
[1.071s] Level 1:colcon.colcon_core.package_identification:_identify(build) by extensions ['ignore', 'ignore_ament_install']
[1.071s] Level 1:colcon.colcon_core.package_identification:_identify(build) by extension 'ignore'
[1.071s] Level 1:colcon.colcon_core.package_identification:_identify(build) ignored
[1.071s] Level 1:colcon.colcon_core.package_identification:_identify(install) by extensions ['ignore', 'ignore_ament_install']
[1.071s] Level 1:colcon.colcon_core.package_identification:_identify(install) by extension 'ignore'
[1.071s] Level 1:colcon.colcon_core.package_identification:_identify(install) ignored
[1.071s] Level 1:colcon.colcon_core.package_identification:_identify(log) by extensions ['ignore', 'ignore_ament_install']
[1.072s] Level 1:colcon.colcon_core.package_identification:_identify(log) by extension 'ignore'
[1.072s] Level 1:colcon.colcon_core.package_identification:_identify(log) ignored
[1.072s] Level 1:colcon.colcon_core.package_identification:_identify(src) by extensions ['ignore', 'ignore_ament_install']
[1.072s] Level 1:colcon.colcon_core.package_identification:_identify(src) by extension 'ignore'
[1.072s] Level 1:colcon.colcon_core.package_identification:_identify(src) by extension 'ignore_ament_install'
[1.072s] Level 1:colcon.colcon_core.package_identification:_identify(src) by extensions ['colcon_pkg']
[1.072s] Level 1:colcon.colcon_core.package_identification:_identify(src) by extension 'colcon_pkg'
[1.072s] Level 1:colcon.colcon_core.package_identification:_identify(src) by extensions ['colcon_meta']
[1.073s] Level 1:colcon.colcon_core.package_identification:_identify(src) by extension 'colcon_meta'
[1.073s] Level 1:colcon.colcon_core.package_identification:_identify(src) by extensions ['ros']
[1.073s] Level 1:colcon.colcon_core.package_identification:_identify(src) by extension 'ros'
[1.073s] Level 1:colcon.colcon_core.package_identification:_identify(src) by extensions ['cmake', 'python']
[1.073s] Level 1:colcon.colcon_core.package_identification:_identify(src) by extension 'cmake'
[1.073s] Level 1:colcon.colcon_core.package_identification:_identify(src) by extension 'python'
[1.073s] Level 1:colcon.colcon_core.package_identification:_identify(src) by extensions ['python_setup_py']
[1.073s] Level 1:colcon.colcon_core.package_identification:_identify(src) by extension 'python_setup_py'
[1.073s] Level 1:colcon.colcon_core.package_identification:_identify(src/GwGosling) by extensions ['ignore', 'ignore_ament_install']
[1.073s] Level 1:colcon.colcon_core.package_identification:_identify(src/GwGosling) by extension 'ignore'
[1.073s] Level 1:colcon.colcon_core.package_identification:_identify(src/GwGosling) by extension 'ignore_ament_install'
[1.073s] Level 1:colcon.colcon_core.package_identification:_identify(src/GwGosling) by extensions ['colcon_pkg']
[1.073s] Level 1:colcon.colcon_core.package_identification:_identify(src/GwGosling) by extension 'colcon_pkg'
[1.073s] Level 1:colcon.colcon_core.package_identification:_identify(src/GwGosling) by extensions ['colcon_meta']
[1.073s] Level 1:colcon.colcon_core.package_identification:_identify(src/GwGosling) by extension 'colcon_meta'
[1.073s] Level 1:colcon.colcon_core.package_identification:_identify(src/GwGosling) by extensions ['ros']
[1.074s] Level 1:colcon.colcon_core.package_identification:_identify(src/GwGosling) by extension 'ros'
[1.078s] DEBUG:colcon.colcon_core.package_identification:Package 'src/GwGosling' with type 'ros.ament_cmake' and name 'GwGosling'
[1.079s] Level 1:colcon.colcon_core.package_discovery:discover_packages(recursive) using defaults
[1.079s] Level 1:colcon.colcon_core.package_discovery:discover_packages(ignore) discover
[1.079s] Level 1:colcon.colcon_core.package_discovery:discover_packages(ignore) using defaults
[1.079s] Level 1:colcon.colcon_core.package_discovery:discover_packages(path) discover
[1.079s] Level 1:colcon.colcon_core.package_discovery:discover_packages(path) using defaults
[1.158s] Level 1:colcon.colcon_core.package_discovery:discover_packages(prefix_path) check parameters
[1.158s] Level 1:colcon.colcon_core.package_discovery:discover_packages(prefix_path) discover
[1.164s] DEBUG:colcon.colcon_installed_package_information.package_discovery:Found 1 installed packages in /root/GHitzeed/install
[1.167s] DEBUG:colcon.colcon_installed_package_information.package_discovery:Found 272 installed packages in /opt/ros/humble
[1.169s] Level 1:colcon.colcon_core.package_discovery:discover_packages(prefix_path) using defaults
[1.305s] Level 5:colcon.colcon_core.verb:set package 'GwGosling' build argument 'cmake_args' from command line to 'None'
[1.305s] Level 5:colcon.colcon_core.verb:set package 'GwGosling' build argument 'cmake_target' from command line to 'None'
[1.305s] Level 5:colcon.colcon_core.verb:set package 'GwGosling' build argument 'cmake_target_skip_unavailable' from command line to 'False'
[1.305s] Level 5:colcon.colcon_core.verb:set package 'GwGosling' build argument 'cmake_clean_cache' from command line to 'False'
[1.305s] Level 5:colcon.colcon_core.verb:set package 'GwGosling' build argument 'cmake_clean_first' from command line to 'False'
[1.305s] Level 5:colcon.colcon_core.verb:set package 'GwGosling' build argument 'cmake_force_configure' from command line to 'False'
[1.305s] Level 5:colcon.colcon_core.verb:set package 'GwGosling' build argument 'ament_cmake_args' from command line to 'None'
[1.305s] Level 5:colcon.colcon_core.verb:set package 'GwGosling' build argument 'catkin_cmake_args' from command line to 'None'
[1.305s] Level 5:colcon.colcon_core.verb:set package 'GwGosling' build argument 'catkin_skip_building_tests' from command line to 'False'
[1.306s] DEBUG:colcon.colcon_core.verb:Building package 'GwGosling' with the following arguments: {'ament_cmake_args': None, 'build_base': '/root/GHitzeed/build/GwGosling', 'catkin_cmake_args': None, 'catkin_skip_building_tests': False, 'cmake_args': None, 'cmake_clean_cache': False, 'cmake_clean_first': False, 'cmake_force_configure': False, 'cmake_target': None, 'cmake_target_skip_unavailable': False, 'install_base': '/root/GHitzeed/install/GwGosling', 'merge_install': False, 'path': '/root/GHitzeed/src/GwGosling', 'symlink_install': False, 'test_result_base': None}
[1.306s] INFO:colcon.colcon_core.executor:Executing jobs using 'parallel' executor
[1.308s] DEBUG:colcon.colcon_parallel_executor.executor.parallel:run_until_complete
[1.308s] INFO:colcon.colcon_ros.task.ament_cmake.build:Building ROS package in '/root/GHitzeed/src/GwGosling' with build type 'ament_cmake'
[1.309s] INFO:colcon.colcon_cmake.task.cmake.build:Building CMake package in '/root/GHitzeed/src/GwGosling'
[1.316s] INFO:colcon.colcon_core.plugin_system:Skipping extension 'colcon_core.shell.bat': Not used on non-Windows systems
[1.317s] INFO:colcon.colcon_core.shell:Skip shell extension 'powershell' for command environment: Not usable outside of PowerShell
[1.317s] DEBUG:colcon.colcon_core.shell:Skip shell extension 'dsv' for command environment
[1.349s] DEBUG:colcon.colcon_core.event_handler.log_command:Invoking command in '/root/GHitzeed/build/GwGosling': CMAKE_PREFIX_PATH=/opt/ros/humble /usr/bin/cmake --build /root/GHitzeed/build/GwGosling -- -j16 -l16
[26.904s] DEBUG:colcon.colcon_core.event_handler.log_command:Invoked command in '/root/GHitzeed/build/GwGosling' returned '0': CMAKE_PREFIX_PATH=/opt/ros/humble /usr/bin/cmake --build /root/GHitzeed/build/GwGosling -- -j16 -l16
[26.927s] DEBUG:colcon.colcon_core.event_handler.log_command:Invoking command in '/root/GHitzeed/build/GwGosling': CMAKE_PREFIX_PATH=/opt/ros/humble /usr/bin/cmake --install /root/GHitzeed/build/GwGosling
[26.972s] Level 1:colcon.colcon_core.environment:create_environment_scripts_only(GwGosling)
[26.974s] DEBUG:colcon.colcon_core.event_handler.log_command:Invoked command in '/root/GHitzeed/build/GwGosling' returned '0': CMAKE_PREFIX_PATH=/opt/ros/humble /usr/bin/cmake --install /root/GHitzeed/build/GwGosling
[26.984s] Level 1:colcon.colcon_core.environment:checking '/root/GHitzeed/install/GwGosling' for CMake module files
[26.984s] Level 1:colcon.colcon_core.environment:checking '/root/GHitzeed/install/GwGosling' for CMake config files
[26.985s] Level 1:colcon.colcon_core.shell:create_environment_hook('GwGosling', 'cmake_prefix_path')
[26.985s] INFO:colcon.colcon_core.shell:Creating environment hook '/root/GHitzeed/install/GwGosling/share/GwGosling/hook/cmake_prefix_path.ps1'
[26.988s] INFO:colcon.colcon_core.shell:Creating environment descriptor '/root/GHitzeed/install/GwGosling/share/GwGosling/hook/cmake_prefix_path.dsv'
[26.989s] INFO:colcon.colcon_core.shell:Creating environment hook '/root/GHitzeed/install/GwGosling/share/GwGosling/hook/cmake_prefix_path.sh'
[26.991s] Level 1:colcon.colcon_core.environment:checking '/root/GHitzeed/install/GwGosling/lib'
[26.991s] Level 1:colcon.colcon_core.environment:checking '/root/GHitzeed/install/GwGosling/bin'
[26.991s] Level 1:colcon.colcon_core.environment:checking '/root/GHitzeed/install/GwGosling/lib/pkgconfig/GwGosling.pc'
[26.991s] Level 1:colcon.colcon_core.environment:checking '/root/GHitzeed/install/GwGosling/lib/python3.10/site-packages'
[26.992s] Level 1:colcon.colcon_core.environment:checking '/root/GHitzeed/install/GwGosling/bin'
[26.992s] INFO:colcon.colcon_core.shell:Creating package script '/root/GHitzeed/install/GwGosling/share/GwGosling/package.ps1'
[26.994s] INFO:colcon.colcon_core.shell:Creating package descriptor '/root/GHitzeed/install/GwGosling/share/GwGosling/package.dsv'
[26.995s] INFO:colcon.colcon_core.shell:Creating package script '/root/GHitzeed/install/GwGosling/share/GwGosling/package.sh'
[26.996s] INFO:colcon.colcon_core.shell:Creating package script '/root/GHitzeed/install/GwGosling/share/GwGosling/package.bash'
[26.998s] INFO:colcon.colcon_core.shell:Creating package script '/root/GHitzeed/install/GwGosling/share/GwGosling/package.zsh'
[26.999s] Level 1:colcon.colcon_core.environment:create_file_with_runtime_dependencies(/root/GHitzeed/install/GwGosling/share/colcon-core/packages/GwGosling)
[27.000s] Level 1:colcon.colcon_core.environment:create_environment_scripts_only(GwGosling)
[27.000s] Level 1:colcon.colcon_core.environment:checking '/root/GHitzeed/install/GwGosling' for CMake module files
[27.001s] Level 1:colcon.colcon_core.environment:checking '/root/GHitzeed/install/GwGosling' for CMake config files
[27.001s] Level 1:colcon.colcon_core.shell:create_environment_hook('GwGosling', 'cmake_prefix_path')
[27.001s] INFO:colcon.colcon_core.shell:Creating environment hook '/root/GHitzeed/install/GwGosling/share/GwGosling/hook/cmake_prefix_path.ps1'
[27.002s] INFO:colcon.colcon_core.shell:Creating environment descriptor '/root/GHitzeed/install/GwGosling/share/GwGosling/hook/cmake_prefix_path.dsv'
[27.002s] INFO:colcon.colcon_core.shell:Creating environment hook '/root/GHitzeed/install/GwGosling/share/GwGosling/hook/cmake_prefix_path.sh'
[27.003s] Level 1:colcon.colcon_core.environment:checking '/root/GHitzeed/install/GwGosling/lib'
[27.003s] Level 1:colcon.colcon_core.environment:checking '/root/GHitzeed/install/GwGosling/bin'
[27.003s] Level 1:colcon.colcon_core.environment:checking '/root/GHitzeed/install/GwGosling/lib/pkgconfig/GwGosling.pc'
[27.003s] Level 1:colcon.colcon_core.environment:checking '/root/GHitzeed/install/GwGosling/lib/python3.10/site-packages'
[27.004s] Level 1:colcon.colcon_core.environment:checking '/root/GHitzeed/install/GwGosling/bin'
[27.004s] INFO:colcon.colcon_core.shell:Creating package script '/root/GHitzeed/install/GwGosling/share/GwGosling/package.ps1'
[27.005s] INFO:colcon.colcon_core.shell:Creating package descriptor '/root/GHitzeed/install/GwGosling/share/GwGosling/package.dsv'
[27.005s] INFO:colcon.colcon_core.shell:Creating package script '/root/GHitzeed/install/GwGosling/share/GwGosling/package.sh'
[27.006s] INFO:colcon.colcon_core.shell:Creating package script '/root/GHitzeed/install/GwGosling/share/GwGosling/package.bash'
[27.007s] INFO:colcon.colcon_core.shell:Creating package script '/root/GHitzeed/install/GwGosling/share/GwGosling/package.zsh'
[27.007s] Level 1:colcon.colcon_core.environment:create_file_with_runtime_dependencies(/root/GHitzeed/install/GwGosling/share/colcon-core/packages/GwGosling)
[27.008s] DEBUG:colcon.colcon_parallel_executor.executor.parallel:closing loop
[27.009s] DEBUG:colcon.colcon_parallel_executor.executor.parallel:loop closed
[27.009s] DEBUG:colcon.colcon_parallel_executor.executor.parallel:run_until_complete finished with '0'
[27.009s] DEBUG:colcon.colcon_core.event_reactor:joining thread
[27.098s] INFO:colcon.colcon_core.plugin_system:Skipping extension 'colcon_notification.desktop_notification.notify_send': Could not find 'notify-send'
[27.099s] INFO:colcon.colcon_core.plugin_system:Skipping extension 'colcon_notification.desktop_notification.terminal_notifier': Not used on non-Darwin systems
[27.099s] INFO:colcon.colcon_core.plugin_system:Skipping extension 'colcon_notification.desktop_notification.win32': Not used on non-Windows systems
[27.099s] INFO:colcon.colcon_notification.desktop_notification:Sending desktop notification using 'notify2'
[27.099s] DEBUG:colcon.colcon_notification.desktop_notification.notify2:Failed to initialize notify2: org.freedesktop.DBus.Error.FileNotFound: Failed to connect to socket /run/user/0/bus: No such file or directory
[27.099s] DEBUG:colcon.colcon_core.event_reactor:joined thread
[27.100s] INFO:colcon.colcon_core.shell:Creating prefix script '/root/GHitzeed/install/local_setup.ps1'
[27.102s] INFO:colcon.colcon_core.shell:Creating prefix util module '/root/GHitzeed/install/_local_setup_util_ps1.py'
[27.104s] INFO:colcon.colcon_core.shell:Creating prefix chain script '/root/GHitzeed/install/setup.ps1'
[27.106s] INFO:colcon.colcon_core.shell:Creating prefix script '/root/GHitzeed/install/local_setup.sh'
[27.107s] INFO:colcon.colcon_core.shell:Creating prefix util module '/root/GHitzeed/install/_local_setup_util_sh.py'
[27.108s] INFO:colcon.colcon_core.shell:Creating prefix chain script '/root/GHitzeed/install/setup.sh'
[27.110s] INFO:colcon.colcon_core.shell:Creating prefix script '/root/GHitzeed/install/local_setup.bash'
[27.111s] INFO:colcon.colcon_core.shell:Creating prefix chain script '/root/GHitzeed/install/setup.bash'
[27.112s] INFO:colcon.colcon_core.shell:Creating prefix script '/root/GHitzeed/install/local_setup.zsh'
[27.113s] INFO:colcon.colcon_core.shell:Creating prefix chain script '/root/GHitzeed/install/setup.zsh'
