[-428.415s] DEBUG:colcon:Command line arguments: ['/usr/bin/colcon', 'build', '--packages-select', 'GwGosling', '--event-handlers', 'console_direct+']
[-428.415s] DEBUG:colcon:Parsed command line arguments: Namespace(log_base=None, log_level=None, verb_name='build', build_base='build', install_base='install', merge_install=False, symlink_install=False, test_result_base=None, continue_on_error=False, executor='parallel', parallel_workers=16, event_handlers=['console_direct+'], ignore_user_meta=False, metas=['./colcon.meta'], base_paths=['.'], packages_ignore=None, packages_ignore_regex=None, paths=None, packages_up_to=None, packages_up_to_regex=None, packages_above=None, packages_above_and_dependencies=None, packages_above_depth=None, packages_select_by_dep=None, packages_skip_by_dep=None, packages_skip_up_to=None, packages_select_build_failed=False, packages_skip_build_finished=False, packages_select_test_failures=False, packages_skip_test_passed=False, packages_select=['GwGosling'], packages_skip=None, packages_select_regex=None, packages_skip_regex=None, packages_start=None, packages_end=None, allow_overriding=[], cmake_args=None, cmake_target=None, cmake_target_skip_unavailable=False, cmake_clean_cache=False, cmake_clean_first=False, cmake_force_configure=False, ament_cmake_args=None, catkin_cmake_args=None, catkin_skip_building_tests=False, verb_parser=<colcon_defaults.argument_parser.defaults.DefaultArgumentsDecorator object at 0x7c60191eb6a0>, verb_extension=<colcon_core.verb.build.BuildVerb object at 0x7c6019334a30>, main=<bound method BuildVerb.main of <colcon_core.verb.build.BuildVerb object at 0x7c6019334a30>>)
[-428.096s] Level 1:colcon.colcon_core.package_discovery:discover_packages(colcon_meta) check parameters
[-428.096s] Level 1:colcon.colcon_core.package_discovery:discover_packages(recursive) check parameters
[-428.096s] Level 1:colcon.colcon_core.package_discovery:discover_packages(ignore) check parameters
[-428.096s] Level 1:colcon.colcon_core.package_discovery:discover_packages(path) check parameters
[-428.096s] Level 1:colcon.colcon_core.package_discovery:discover_packages(colcon_meta) discover
[-428.096s] Level 1:colcon.colcon_core.package_discovery:discover_packages(recursive) discover
[-428.096s] INFO:colcon.colcon_core.package_discovery:Crawling recursively for packages in '/root/GHitzeed'
[-428.096s] Level 1:colcon.colcon_core.package_identification:_identify(.) by extensions ['ignore', 'ignore_ament_install']
[-428.096s] Level 1:colcon.colcon_core.package_identification:_identify(.) by extension 'ignore'
[-428.096s] Level 1:colcon.colcon_core.package_identification:_identify(.) by extension 'ignore_ament_install'
[-428.095s] Level 1:colcon.colcon_core.package_identification:_identify(.) by extensions ['colcon_pkg']
[-428.095s] Level 1:colcon.colcon_core.package_identification:_identify(.) by extension 'colcon_pkg'
[-428.095s] Level 1:colcon.colcon_core.package_identification:_identify(.) by extensions ['colcon_meta']
[-428.095s] Level 1:colcon.colcon_core.package_identification:_identify(.) by extension 'colcon_meta'
[-428.095s] Level 1:colcon.colcon_core.package_identification:_identify(.) by extensions ['ros']
[-428.095s] Level 1:colcon.colcon_core.package_identification:_identify(.) by extension 'ros'
[-428.076s] Level 1:colcon.colcon_core.package_identification:_identify(.) by extensions ['cmake', 'python']
[-428.075s] Level 1:colcon.colcon_core.package_identification:_identify(.) by extension 'cmake'
[-428.075s] Level 1:colcon.colcon_core.package_identification:_identify(.) by extension 'python'
[-428.075s] Level 1:colcon.colcon_core.package_identification:_identify(.) by extensions ['python_setup_py']
[-428.075s] Level 1:colcon.colcon_core.package_identification:_identify(.) by extension 'python_setup_py'
[-428.075s] Level 1:colcon.colcon_core.package_identification:_identify(build) by extensions ['ignore', 'ignore_ament_install']
[-428.075s] Level 1:colcon.colcon_core.package_identification:_identify(build) by extension 'ignore'
[-428.075s] Level 1:colcon.colcon_core.package_identification:_identify(build) ignored
[-428.074s] Level 1:colcon.colcon_core.package_identification:_identify(install) by extensions ['ignore', 'ignore_ament_install']
[-428.074s] Level 1:colcon.colcon_core.package_identification:_identify(install) by extension 'ignore'
[-428.074s] Level 1:colcon.colcon_core.package_identification:_identify(install) ignored
[-428.074s] Level 1:colcon.colcon_core.package_identification:_identify(log) by extensions ['ignore', 'ignore_ament_install']
[-428.074s] Level 1:colcon.colcon_core.package_identification:_identify(log) by extension 'ignore'
[-428.074s] Level 1:colcon.colcon_core.package_identification:_identify(log) ignored
[-428.074s] Level 1:colcon.colcon_core.package_identification:_identify(src) by extensions ['ignore', 'ignore_ament_install']
[-428.073s] Level 1:colcon.colcon_core.package_identification:_identify(src) by extension 'ignore'
[-428.073s] Level 1:colcon.colcon_core.package_identification:_identify(src) by extension 'ignore_ament_install'
[-428.073s] Level 1:colcon.colcon_core.package_identification:_identify(src) by extensions ['colcon_pkg']
[-428.073s] Level 1:colcon.colcon_core.package_identification:_identify(src) by extension 'colcon_pkg'
[-428.073s] Level 1:colcon.colcon_core.package_identification:_identify(src) by extensions ['colcon_meta']
[-428.073s] Level 1:colcon.colcon_core.package_identification:_identify(src) by extension 'colcon_meta'
[-428.073s] Level 1:colcon.colcon_core.package_identification:_identify(src) by extensions ['ros']
[-428.073s] Level 1:colcon.colcon_core.package_identification:_identify(src) by extension 'ros'
[-428.073s] Level 1:colcon.colcon_core.package_identification:_identify(src) by extensions ['cmake', 'python']
[-428.073s] Level 1:colcon.colcon_core.package_identification:_identify(src) by extension 'cmake'
[-428.072s] Level 1:colcon.colcon_core.package_identification:_identify(src) by extension 'python'
[-428.072s] Level 1:colcon.colcon_core.package_identification:_identify(src) by extensions ['python_setup_py']
[-428.072s] Level 1:colcon.colcon_core.package_identification:_identify(src) by extension 'python_setup_py'
[-428.072s] Level 1:colcon.colcon_core.package_identification:_identify(src/GwGosling) by extensions ['ignore', 'ignore_ament_install']
[-428.072s] Level 1:colcon.colcon_core.package_identification:_identify(src/GwGosling) by extension 'ignore'
[-428.072s] Level 1:colcon.colcon_core.package_identification:_identify(src/GwGosling) by extension 'ignore_ament_install'
[-428.072s] Level 1:colcon.colcon_core.package_identification:_identify(src/GwGosling) by extensions ['colcon_pkg']
[-428.072s] Level 1:colcon.colcon_core.package_identification:_identify(src/GwGosling) by extension 'colcon_pkg'
[-428.072s] Level 1:colcon.colcon_core.package_identification:_identify(src/GwGosling) by extensions ['colcon_meta']
[-428.072s] Level 1:colcon.colcon_core.package_identification:_identify(src/GwGosling) by extension 'colcon_meta'
[-428.071s] Level 1:colcon.colcon_core.package_identification:_identify(src/GwGosling) by extensions ['ros']
[-428.071s] Level 1:colcon.colcon_core.package_identification:_identify(src/GwGosling) by extension 'ros'
[-428.071s] Level 1:colcon.colcon_core.package_identification:_identify(src/GwGosling) by extensions ['cmake', 'python']
[-428.071s] Level 1:colcon.colcon_core.package_identification:_identify(src/GwGosling) by extension 'cmake'
[-428.069s] Level 1:colcon.colcon_core.package_identification:_identify(src/GwGosling) by extension 'python'
[-428.068s] DEBUG:colcon.colcon_core.package_identification:Package 'src/GwGosling' with type 'cmake' and name 'GwGosling'
[-428.068s] Level 1:colcon.colcon_core.package_discovery:discover_packages(recursive) using defaults
[-428.068s] Level 1:colcon.colcon_core.package_discovery:discover_packages(ignore) discover
[-428.068s] Level 1:colcon.colcon_core.package_discovery:discover_packages(ignore) using defaults
[-428.068s] Level 1:colcon.colcon_core.package_discovery:discover_packages(path) discover
[-428.068s] Level 1:colcon.colcon_core.package_discovery:discover_packages(path) using defaults
[-428.024s] Level 1:colcon.colcon_core.package_discovery:discover_packages(prefix_path) check parameters
[-428.023s] Level 1:colcon.colcon_core.package_discovery:discover_packages(prefix_path) discover
[-428.021s] DEBUG:colcon.colcon_installed_package_information.package_discovery:Found 0 installed packages in /root/GHitzeed/install
[-428.019s] DEBUG:colcon.colcon_installed_package_information.package_discovery:Found 272 installed packages in /opt/ros/humble
[-428.017s] Level 1:colcon.colcon_core.package_discovery:discover_packages(prefix_path) using defaults
[-427.964s] Level 5:colcon.colcon_core.verb:set package 'GwGosling' build argument 'cmake_args' from command line to 'None'
[-427.964s] Level 5:colcon.colcon_core.verb:set package 'GwGosling' build argument 'cmake_target' from command line to 'None'
[-427.964s] Level 5:colcon.colcon_core.verb:set package 'GwGosling' build argument 'cmake_target_skip_unavailable' from command line to 'False'
[-427.964s] Level 5:colcon.colcon_core.verb:set package 'GwGosling' build argument 'cmake_clean_cache' from command line to 'False'
[-427.964s] Level 5:colcon.colcon_core.verb:set package 'GwGosling' build argument 'cmake_clean_first' from command line to 'False'
[-427.964s] Level 5:colcon.colcon_core.verb:set package 'GwGosling' build argument 'cmake_force_configure' from command line to 'False'
[-427.964s] Level 5:colcon.colcon_core.verb:set package 'GwGosling' build argument 'ament_cmake_args' from command line to 'None'
[-427.963s] Level 5:colcon.colcon_core.verb:set package 'GwGosling' build argument 'catkin_cmake_args' from command line to 'None'
[-427.963s] Level 5:colcon.colcon_core.verb:set package 'GwGosling' build argument 'catkin_skip_building_tests' from command line to 'False'
[-427.963s] DEBUG:colcon.colcon_core.verb:Building package 'GwGosling' with the following arguments: {'ament_cmake_args': None, 'build_base': '/root/GHitzeed/build/GwGosling', 'catkin_cmake_args': None, 'catkin_skip_building_tests': False, 'cmake_args': None, 'cmake_clean_cache': False, 'cmake_clean_first': False, 'cmake_force_configure': False, 'cmake_target': None, 'cmake_target_skip_unavailable': False, 'install_base': '/root/GHitzeed/install/GwGosling', 'merge_install': False, 'path': '/root/GHitzeed/src/GwGosling', 'symlink_install': False, 'test_result_base': None}
[-427.963s] INFO:colcon.colcon_core.executor:Executing jobs using 'parallel' executor
[-427.961s] DEBUG:colcon.colcon_parallel_executor.executor.parallel:run_until_complete
[-427.960s] INFO:colcon.colcon_cmake.task.cmake.build:Building CMake package in '/root/GHitzeed/src/GwGosling'
[-427.957s] INFO:colcon.colcon_core.plugin_system:Skipping extension 'colcon_core.shell.bat': Not used on non-Windows systems
[-427.957s] INFO:colcon.colcon_core.shell:Skip shell extension 'powershell' for command environment: Not usable outside of PowerShell
[-427.957s] DEBUG:colcon.colcon_core.shell:Skip shell extension 'dsv' for command environment
[-427.938s] DEBUG:colcon.colcon_core.event_handler.log_command:Invoking command in '/root/GHitzeed/build/GwGosling': /usr/bin/cmake /root/GHitzeed/src/GwGosling -DCMAKE_INSTALL_PREFIX=/root/GHitzeed/install/GwGosling
[-417.510s] DEBUG:colcon.colcon_core.event_handler.log_command:Invoked command in '/root/GHitzeed/build/GwGosling' returned '1': /usr/bin/cmake /root/GHitzeed/src/GwGosling -DCMAKE_INSTALL_PREFIX=/root/GHitzeed/install/GwGosling
[-417.499s] DEBUG:colcon.colcon_parallel_executor.executor.parallel:closing loop
[-417.498s] DEBUG:colcon.colcon_parallel_executor.executor.parallel:loop closed
[-417.498s] DEBUG:colcon.colcon_parallel_executor.executor.parallel:run_until_complete finished with '1'
[-417.498s] DEBUG:colcon.colcon_core.event_reactor:joining thread
[-417.414s] INFO:colcon.colcon_core.plugin_system:Skipping extension 'colcon_notification.desktop_notification.notify_send': Could not find 'notify-send'
[-417.413s] INFO:colcon.colcon_core.plugin_system:Skipping extension 'colcon_notification.desktop_notification.terminal_notifier': Not used on non-Darwin systems
[-417.413s] INFO:colcon.colcon_core.plugin_system:Skipping extension 'colcon_notification.desktop_notification.win32': Not used on non-Windows systems
[-417.413s] INFO:colcon.colcon_notification.desktop_notification:Sending desktop notification using 'notify2'
[-417.413s] DEBUG:colcon.colcon_notification.desktop_notification.notify2:Failed to initialize notify2: org.freedesktop.DBus.Error.FileNotFound: Failed to connect to socket /run/user/0/bus: No such file or directory
[-417.413s] DEBUG:colcon.colcon_core.event_reactor:joined thread
[-417.412s] INFO:colcon.colcon_core.shell:Creating prefix script '/root/GHitzeed/install/local_setup.ps1'
[-417.411s] INFO:colcon.colcon_core.shell:Creating prefix util module '/root/GHitzeed/install/_local_setup_util_ps1.py'
[-417.409s] INFO:colcon.colcon_core.shell:Creating prefix chain script '/root/GHitzeed/install/setup.ps1'
[-417.407s] INFO:colcon.colcon_core.shell:Creating prefix script '/root/GHitzeed/install/local_setup.sh'
[-417.405s] INFO:colcon.colcon_core.shell:Creating prefix util module '/root/GHitzeed/install/_local_setup_util_sh.py'
[-417.404s] INFO:colcon.colcon_core.shell:Creating prefix chain script '/root/GHitzeed/install/setup.sh'
[-417.403s] INFO:colcon.colcon_core.shell:Creating prefix script '/root/GHitzeed/install/local_setup.bash'
[-417.402s] INFO:colcon.colcon_core.shell:Creating prefix chain script '/root/GHitzeed/install/setup.bash'
[-417.400s] INFO:colcon.colcon_core.shell:Creating prefix script '/root/GHitzeed/install/local_setup.zsh'
[-417.399s] INFO:colcon.colcon_core.shell:Creating prefix chain script '/root/GHitzeed/install/setup.zsh'
